2024-06-24 18:08:06,499 p=3444395 u=upszot n=ansible | [WARNING]: A duplicate localhost-like entry was found (localhost). First found localhost was 127.0.0.1

2024-06-24 18:08:06,598 p=3444395 u=upszot n=ansible | PLAY [all] **********************************************************************************************************************************************************************************************************************************
2024-06-24 18:08:06,609 p=3444395 u=upszot n=ansible | TASK [Gathering Facts] **********************************************************************************************************************************************************************************************************************
2024-06-24 18:08:07,746 p=3444395 u=upszot n=ansible | ok: [localhost]
2024-06-24 18:08:07,775 p=3444395 u=upszot n=ansible | TASK [include_role : 2do_parcial] ***********************************************************************************************************************************************************************************************************
2024-06-24 18:08:07,805 p=3444395 u=upszot n=ansible | TASK [2do_parcial : debug] ******************************************************************************************************************************************************************************************************************
2024-06-24 18:08:07,817 p=3444395 u=upszot n=ansible | ok: [localhost] => {
    "msg": "Tareas del 2do Parcial"
}
2024-06-24 18:08:07,836 p=3444395 u=upszot n=ansible | TASK [Otra tarea] ***************************************************************************************************************************************************************************************************************************
2024-06-24 18:08:07,851 p=3444395 u=upszot n=ansible | ok: [localhost] => {
    "msg": "Despues de la ejecucion del rol"
}
2024-06-24 18:08:07,885 p=3444395 u=upszot n=ansible | PLAY RECAP **********************************************************************************************************************************************************************************************************************************
2024-06-24 18:08:07,885 p=3444395 u=upszot n=ansible | localhost                  : ok=3    changed=0    unreachable=0    failed=0    skipped=0    rescued=0    ignored=0   
2026-06-22 07:24:19,182 p=29372 u=escobar n=ansible | [WARNING]: Unable to parse /home/escobar/UTN-FRA_SO_Examenes/202406/ansible/hosts as an inventory source

2026-06-22 07:24:19,185 p=29372 u=escobar n=ansible | [WARNING]: No inventory was parsed, only implicit localhost is available

2026-06-22 07:24:19,197 p=29372 u=escobar n=ansible | [WARNING]: provided hosts list is empty, only localhost is available. Note that the implicit localhost does not match 'all'

2026-06-22 07:24:19,659 p=29372 u=escobar n=ansible | PLAY [all] ***********************************************************************************************************************************
2026-06-22 07:24:19,660 p=29372 u=escobar n=ansible | skipping: no hosts matched
2026-06-22 07:24:19,660 p=29372 u=escobar n=ansible | PLAY RECAP ***********************************************************************************************************************************
2026-06-22 07:25:39,760 p=29384 u=escobar n=ansible | PLAY [all] ***********************************************************************************************************************************
2026-06-22 07:25:39,786 p=29384 u=escobar n=ansible | TASK [Gathering Facts] ***********************************************************************************************************************
2026-06-22 07:25:42,509 p=29384 u=escobar n=ansible | ok: [localhost]
2026-06-22 07:25:42,550 p=29384 u=escobar n=ansible | TASK [include_role : 2do_parcial] ************************************************************************************************************
2026-06-22 07:25:42,675 p=29384 u=escobar n=ansible | TASK [2do_parcial : debug] *******************************************************************************************************************
2026-06-22 07:25:42,718 p=29384 u=escobar n=ansible | ok: [localhost] => {
    "msg": "Tareas del 2do Parcial"
}
2026-06-22 07:25:42,739 p=29384 u=escobar n=ansible | TASK [2do_parcial : Crear directorios en /tmp/2do_parcial/] **********************************************************************************
2026-06-22 07:25:43,494 p=29384 u=escobar n=ansible | changed: [localhost] => (item=alumno)
2026-06-22 07:25:43,966 p=29384 u=escobar n=ansible | changed: [localhost] => (item=equipo)
2026-06-22 07:25:43,987 p=29384 u=escobar n=ansible | TASK [2do_parcial : Agrego archivo del alumno desde template] ********************************************************************************
2026-06-22 07:25:45,383 p=29384 u=escobar n=ansible | changed: [localhost]
2026-06-22 07:25:45,403 p=29384 u=escobar n=ansible | TASK [2do_parcial : Agrego archivo del equipo desde template] ********************************************************************************
2026-06-22 07:25:46,382 p=29384 u=escobar n=ansible | changed: [localhost]
2026-06-22 07:25:46,403 p=29384 u=escobar n=ansible | TASK [2do_parcial : Configurar sudoers para 2PSupervisores sin password] *********************************************************************
2026-06-22 07:25:47,383 p=29384 u=escobar n=ansible | changed: [localhost]
2026-06-22 07:25:47,404 p=29384 u=escobar n=ansible | TASK [Otra tarea] ****************************************************************************************************************************
2026-06-22 07:25:47,441 p=29384 u=escobar n=ansible | ok: [localhost] => {
    "msg": "Despues de la ejecucion del rol"
}
2026-06-22 07:25:47,485 p=29384 u=escobar n=ansible | PLAY RECAP ***********************************************************************************************************************************
2026-06-22 07:25:47,486 p=29384 u=escobar n=ansible | localhost                  : ok=7    changed=4    unreachable=0    failed=0    skipped=0    rescued=0    ignored=0   
